<?xml version="1.0" encoding="UTF-8"?>
<!-- Generated by org.testng.reporters.JUnitXMLReporter -->
<testsuite ignored="4" hostname="DESKTOP-VEVOK9K" failures="0" tests="1" name="Default test" time="25.095" errors="0" timestamp="2024-12-20T11:06:21 SGT">
  <testcase classname="Test_Cases.Smoke_Test" name="checkOut" time="0.788"/>
  <testcase classname="Test_Cases.Smoke_Test" name="allItems" time="0.0">
    <ignored/>
  </testcase> <!-- allItems -->
  <testcase classname="Test_Cases.Smoke_Test" name="validateLogin" time="0.0">
    <ignored/>
  </testcase> <!-- validateLogin -->
  <testcase classname="Test_Cases.Smoke_Test" name="addItems" time="0.0">
    <ignored/>
  </testcase> <!-- addItems -->
  <testcase classname="Test_Cases.Smoke_Test" name="validateCart" time="0.0">
    <ignored/>
  </testcase> <!-- validateCart -->
</testsuite> <!-- Default test -->
