<?xml version="1.0" encoding="UTF-8"?>
<!-- Generated by org.testng.reporters.JUnitXMLReporter -->
<testsuite ignored="0" hostname="DESKTOP-VEVOK9K" failures="0" tests="6" name="Default test" time="34.318" errors="0" timestamp="2024-12-20T12:03:34 SGT">
  <testcase classname="Test_Cases.Smoke_Test" name="validateLogin" time="0.035"/>
  <testcase classname="Test_Cases.Smoke_Test" name="addItems" time="0.082"/>
  <testcase classname="Test_Cases.Smoke_Test" name="validateCart" time="0.248"/>
  <testcase classname="Test_Cases.Smoke_Test" name="allItems" time="0.443"/>
  <testcase classname="Test_Cases.Smoke_Test" name="checkOut" time="0.794"/>
  <testcase classname="Test_Cases.Smoke_Test" name="cancelOrder" time="0.795"/>
</testsuite> <!-- Default test -->
