<?xml version="1.0" encoding="UTF-8"?>
<!-- Generated by org.testng.reporters.JUnitXMLReporter -->
<testsuite ignored="0" hostname="DESKTOP-VEVOK9K" failures="0" tests="6" name="Test" time="55.203" errors="0" timestamp="2024-12-20T12:04:51 SGT">
  <testcase classname="Test_Cases.Smoke_Test" name="validateLogin" time="0.027"/>
  <testcase classname="Test_Cases.Smoke_Test" name="addItems" time="0.099"/>
  <testcase classname="Test_Cases.Smoke_Test" name="validateCart" time="0.221"/>
  <testcase classname="Test_Cases.Smoke_Test" name="allItems" time="0.4"/>
  <testcase classname="Test_Cases.Smoke_Test" name="checkOut" time="0.679"/>
  <testcase classname="Test_Cases.Smoke_Test" name="cancelOrder" time="0.874"/>
</testsuite> <!-- Test -->
