<?xml version="1.0" encoding="UTF-8"?>
<testng-results ignored="0" total="1" passed="1" failed="0" skipped="0">
  <reporter-output>
  </reporter-output>
  <suite started-at="2024-12-20T07:11:24 SGT" name="Default suite" finished-at="2024-12-20T07:11:55 SGT" duration-ms="30742">
    <groups>
    </groups>
    <test started-at="2024-12-20T07:11:24 SGT" name="Default test" finished-at="2024-12-20T07:11:55 SGT" duration-ms="30742">
      <class name="Test_Cases.TestCase_24">
        <test-method signature="Download_Invoice_after_purchase_order()[pri:1, instance:Test_Cases.TestCase_24@604f2bd2]" started-at="2024-12-20T07:11:24 SGT" name="Download_Invoice_after_purchase_order" finished-at="2024-12-20T07:11:54 SGT" duration-ms="29684" status="PASS">
          <reporter-output>
          </reporter-output>
        </test-method> <!-- Download_Invoice_after_purchase_order -->
        <test-method is-config="true" signature="endTest()[pri:0, instance:Test_Cases.TestCase_24@604f2bd2]" started-at="2024-12-20T07:11:54 SGT" name="endTest" finished-at="2024-12-20T07:11:55 SGT" duration-ms="1034" status="PASS">
          <reporter-output>
          </reporter-output>
        </test-method> <!-- endTest -->
      </class> <!-- Test_Cases.TestCase_24 -->
    </test> <!-- Default test -->
  </suite> <!-- Default suite -->
</testng-results>
