<?xml version="1.0" encoding="UTF-8"?>
<testng-results ignored="0" total="1" passed="1" failed="0" skipped="0">
  <reporter-output>
  </reporter-output>
  <suite started-at="2025-01-07T03:40:45 SGT" name="Default suite" finished-at="2025-01-07T03:40:49 SGT" duration-ms="3861">
    <groups>
    </groups>
    <test started-at="2025-01-07T03:40:45 SGT" name="Default test" finished-at="2025-01-07T03:40:49 SGT" duration-ms="3861">
      <class name="ui_Test.TestCase_01">
        <test-method is-config="true" signature="launchBrowser()[pri:0, instance:ui_Test.TestCase_01@14dd9eb7]" started-at="2025-01-07T03:40:45 SGT" name="launchBrowser" finished-at="2025-01-07T03:40:49 SGT" duration-ms="3835" status="PASS">
          <reporter-output>
          </reporter-output>
        </test-method> <!-- launchBrowser -->
        <test-method signature="Login()[pri:1, instance:ui_Test.TestCase_01@14dd9eb7]" started-at="2025-01-07T03:40:49 SGT" name="Login" finished-at="2025-01-07T03:40:49 SGT" duration-ms="3" status="PASS">
          <reporter-output>
          </reporter-output>
        </test-method> <!-- Login -->
      </class> <!-- ui_Test.TestCase_01 -->
    </test> <!-- Default test -->
  </suite> <!-- Default suite -->
</testng-results>
