<?xml version="1.0" encoding="UTF-8"?>
<testng-results ignored="0" total="1" passed="1" failed="0" skipped="0">
  <reporter-output>
  </reporter-output>
  <suite started-at="2024-12-18T01:30:58 SGT" name="Default suite" finished-at="2024-12-18T01:31:00 SGT" duration-ms="2633">
    <groups>
    </groups>
    <test started-at="2024-12-18T01:30:58 SGT" name="Default test" finished-at="2024-12-18T01:31:00 SGT" duration-ms="2633">
      <class name="testScenarios.TestCase">
        <test-method signature="signIn()[pri:1, instance:testScenarios.TestCase@6179e425]" started-at="2024-12-18T01:30:58 SGT" name="signIn" finished-at="2024-12-18T01:31:00 SGT" duration-ms="2599" status="PASS">
          <reporter-output>
          </reporter-output>
        </test-method> <!-- signIn -->
      </class> <!-- testScenarios.TestCase -->
    </test> <!-- Default test -->
  </suite> <!-- Default suite -->
</testng-results>
